<?xml version="1.0" encoding="UTF-8"?>
<testsuite xmlns:xsi="http://www.w3.org/2001/XMLSchema-instance" xsi:noNamespaceSchemaLocation="https://maven.apache.org/surefire/maven-surefire-plugin/xsd/surefire-test-report-3.0.xsd" version="3.0" name="com.grandstrand.contact.ContactTest" time="0.012" tests="6" errors="0" skipped="0" failures="0">
  <properties>
[...]
</properties>
  <testcase name="testSetAddressValid" classname="com.grandstrand.contact.ContactTest" time="0.002"/>
  <testcase name="testSetFirstNameInvalid" classname="com.grandstrand.contact.ContactTest" time="0.001"/>
  <testcase name="testSetFirstNameValid" classname="com.grandstrand.contact.ContactTest" time="0.001"/>
  <testcase name="testSetPhoneInvalid" classname="com.grandstrand.contact.ContactTest" time="0.001"/>
  <testcase name="testContactCreationValidData" classname="com.grandstrand.contact.ContactTest" time="0.001"/>
  <testcase name="testContactCreationInvalidContactId" classname="com.grandstrand.contact.ContactTest" time="0.001"/>
</testsuite>